{
  message: 'database connected....!',
  level: 'info',
  label: 'UM',
  timestamp: '2023-06-03T07:11:39.586Z'
}
{
  message: 'database connected....!',
  level: 'info',
  label: 'UM',
  timestamp: '2023-06-03T07:11:44.713Z'
}
{
  message: 'Application listening on port 5000',
  level: 'info',
  label: 'UM',
  timestamp: '2023-06-03T07:11:44.766Z'
}
{
  message: 'database connected....!',
  level: 'info',
  label: 'UM',
  timestamp: '2023-06-03T07:18:16.713Z'
}
{
  message: 'Application listening on port 5000',
  level: 'info',
  label: 'UM',
  timestamp: '2023-06-03T07:18:16.776Z'
}
{
  message: 'database connected....!',
  level: 'info',
  label: 'UM',
  timestamp: '2023-06-03T07:18:37.480Z'
}
{
  message: 'Application listening on port 5000',
  level: 'info',
  label: 'UM',
  timestamp: '2023-06-03T07:18:37.530Z'
}
{
  message: 'database connected....!',
  level: 'info',
  label: 'UM',
  timestamp: '2023-06-03T07:24:27.146Z'
}
{
  message: 'Application listening on port 5000',
  level: 'info',
  label: 'UM',
  timestamp: '2023-06-03T07:24:27.158Z'
}
{
  message: 'database connected....!',
  level: 'info',
  label: 'UM',
  timestamp: '2023-06-03T07:24:37.006Z'
}
{
  message: 'Application listening on port 5000',
  level: 'info',
  label: 'UM',
  timestamp: '2023-06-03T07:24:37.051Z'
}
{
  message: 'database connected....!',
  level: 'info',
  label: 'UM',
  timestamp: '2023-06-03T07:25:31.574Z'
}
{
  message: 'Application listening on port 5000',
  level: 'info',
  label: 'UM',
  timestamp: '2023-06-03T07:25:31.593Z'
}
{
  message: 'database connected....!',
  level: 'info',
  label: 'UM',
  timestamp: '2023-06-03T07:36:01.738Z'
}
{
  message: 'Application listening on port 5000',
  level: 'info',
  label: 'UM',
  timestamp: '2023-06-03T07:36:01.777Z'
}
{
  message: 'database connected....!',
  level: 'info',
  label: 'UM',
  timestamp: '2023-06-03T07:37:30.811Z'
}
{
  message: 'Application listening on port 5000',
  level: 'info',
  label: 'UM',
  timestamp: '2023-06-03T07:37:30.821Z'
}
{
  message: 'database connected....!',
  level: 'info',
  label: 'UM',
  timestamp: '2023-06-03T07:37:38.078Z'
}
{
  message: 'Application listening on port 5000',
  level: 'info',
  label: 'UM',
  timestamp: '2023-06-03T07:37:38.099Z'
}
{
  message: 'database connected....!',
  level: 'info',
  label: 'UM',
  timestamp: '2023-06-03T07:38:42.603Z'
}
{
  message: 'Application listening on port 5000',
  level: 'info',
  label: 'UM',
  timestamp: '2023-06-03T07:38:42.646Z'
}
{
  message: 'database connected....!',
  level: 'info',
  label: 'UM',
  timestamp: '2023-06-03T07:39:19.266Z'
}
{
  message: 'Application listening on port 5000',
  level: 'info',
  label: 'UM',
  timestamp: '2023-06-03T07:39:19.305Z'
}
{
  message: 'database connected....!',
  level: 'info',
  label: 'UM',
  timestamp: '2023-06-03T07:39:47.116Z'
}
{
  message: 'Application listening on port 5000',
  level: 'info',
  label: 'UM',
  timestamp: '2023-06-03T07:39:47.139Z'
}
{
  message: 'database connected....!',
  level: 'info',
  label: 'UM',
  timestamp: '2023-06-03T07:39:57.139Z'
}
{
  message: 'Application listening on port 5000',
  level: 'info',
  label: 'UM',
  timestamp: '2023-06-03T07:39:57.148Z'
}
{
  message: 'database connected....!',
  level: 'info',
  label: 'UM',
  timestamp: '2023-06-03T07:40:08.216Z'
}
{
  message: 'Application listening on port 5000',
  level: 'info',
  label: 'UM',
  timestamp: '2023-06-03T07:40:08.244Z'
}
{
  message: 'database connected....!',
  level: 'info',
  label: 'UM',
  timestamp: '2023-06-03T07:41:10.847Z'
}
{
  message: 'Application listening on port 5000',
  level: 'info',
  label: 'UM',
  timestamp: '2023-06-03T07:41:10.862Z'
}
{
  message: 'database connected....!',
  level: 'info',
  label: 'UM',
  timestamp: '2023-06-03T07:41:36.684Z'
}
{
  message: 'Application listening on port 5000',
  level: 'info',
  label: 'UM',
  timestamp: '2023-06-03T07:41:36.705Z'
}
{
  message: 'database connected....!',
  level: 'info',
  label: 'UM',
  timestamp: '2023-06-03T07:42:44.207Z'
}
{
  message: 'Application listening on port 5000',
  level: 'info',
  label: 'UM',
  timestamp: '2023-06-03T07:42:44.252Z'
}
{
  message: 'database connected....!',
  level: 'info',
  label: 'UM',
  timestamp: '2023-06-03T07:43:00.195Z'
}
{
  message: 'Application listening on port 5000',
  level: 'info',
  label: 'UM',
  timestamp: '2023-06-03T07:43:00.225Z'
}
{
  message: 'database connected....!',
  level: 'info',
  label: 'UM',
  timestamp: '2023-06-03T07:43:22.890Z'
}
{
  message: 'Application listening on port 5000',
  level: 'info',
  label: 'UM',
  timestamp: '2023-06-03T07:43:22.910Z'
}
{
  message: 'database connected....!',
  level: 'info',
  label: 'UM',
  timestamp: '2023-06-03T07:44:35.259Z'
}
{
  message: 'Application listening on port 5000',
  level: 'info',
  label: 'UM',
  timestamp: '2023-06-03T07:44:35.281Z'
}
{
  message: 'database connected....!',
  level: 'info',
  label: 'UM',
  timestamp: '2023-06-03T07:44:56.048Z'
}
{
  message: 'Application listening on port 5000',
  level: 'info',
  label: 'UM',
  timestamp: '2023-06-03T07:44:56.068Z'
}
{
  message: 'database connected....!',
  level: 'info',
  label: 'UM',
  timestamp: '2023-06-03T07:48:03.947Z'
}
{
  message: 'Application listening on port 5000',
  level: 'info',
  label: 'UM',
  timestamp: '2023-06-03T07:48:03.958Z'
}
{
  message: 'database connected....!',
  level: 'info',
  label: 'UM',
  timestamp: '2023-06-03T07:48:12.164Z'
}
{
  message: 'Application listening on port 5000',
  level: 'info',
  label: 'UM',
  timestamp: '2023-06-03T07:48:12.194Z'
}
{
  message: 'database connected....!',
  level: 'info',
  label: 'UM',
  timestamp: '2023-06-03T07:48:24.399Z'
}
{
  message: 'Application listening on port 5000',
  level: 'info',
  label: 'UM',
  timestamp: '2023-06-03T07:48:24.420Z'
}
